<?xml version="1.0" encoding="UTF-8" ?>
<testsuites>
 <testsuite name="Tictactoe load test" timestamp="2016-12-18T15:54:45" hostname="localhost" time="10.962" errors="0" tests="1" skipped="0" failures="0">
  <testcase classname="Tictactoe load test" name="should be able to play game to end 100 times within 50000ms" time="10.962">
  </testcase>
 </testsuite>
</testsuites>