<?xml version="1.0" encoding="UTF-8" ?>
<testsuites>
 <testsuite name="User chat load test" timestamp="2016-12-18T15:54:42" hostname="localhost" time="2.414" errors="0" tests="1" skipped="0" failures="0">
  <testcase classname="User chat load test" name="should connect and send 100  user messages within 50000ms" time="2.412">
  </testcase>
 </testsuite>
</testsuites>