<?xml version="1.0" encoding="UTF-8" ?>
<testsuites>
 <testsuite name="Tictactoe game server context" timestamp="2016-12-18T15:54:34" hostname="localhost" time="0.005" errors="0" tests="3" skipped="0" failures="0">
  <testcase classname="Tictactoe game server context" name="should wire without an issue" time="0.001">
  </testcase>
  <testcase classname="Tictactoe game server context" name="should expose command handler" time="0.001">
  </testcase>
  <testcase classname="Tictactoe game server context" name="should handle create game command and emit game created event" time="0.003">
  </testcase>
 </testsuite>
</testsuites>